============================= test session starts ==============================
platform darwin -- Python 3.12.6, pytest-9.0.3, pluggy-1.6.0 -- /Library/Frameworks/Python.framework/Versions/3.12/bin/python3.12
cachedir: .pytest_cache
rootdir: /Users/raail/Documents/Development/mlops_frauddetection
configfile: pyproject.toml
plugins: cov-7.1.0, hydra-core-1.3.2, anyio-4.13.0
collecting ... collected 75 items

tests/test_model.py::TestModel::test_is_base_model PASSED                [  1%]
tests/test_model.py::TestModel::test_default_config_is_empty_dict PASSED [  2%]
tests/test_model.py::TestModel::test_custom_config_is_stored PASSED      [  4%]
tests/test_model.py::TestModel::test_fit_not_implemented PASSED          [  5%]
tests/test_model.py::TestModel::test_predict_not_implemented PASSED      [  6%]
tests/test_model.py::TestModel::test_save_load_roundtrip PASSED          [  8%]
tests/test_model.py::TestModel::test_load_rejects_wrong_type PASSED      [  9%]
tests/test_pipeline.py::TestConfig::test_project_root_exists PASSED      [ 10%]
tests/test_pipeline.py::TestConfig::test_path_constants_are_path_instances PASSED [ 12%]
tests/test_pipeline.py::TestConfig::test_training_config_seed_is_42 PASSED [ 13%]
tests/test_pipeline.py::TestConfig::test_training_config_batch_size_is_32 PASSED [ 14%]
tests/test_pipeline.py::TestConfig::test_training_config_is_frozen PASSED [ 16%]
tests/test_pipeline.py::TestConfig::test_data_config_train_split_in_range PASSED [ 17%]
tests/test_pipeline.py::TestConfig::test_data_config_splits_sum_to_one_or_less PASSED [ 18%]
tests/test_pipeline.py::TestConfig::test_config_has_training_subconfig PASSED [ 20%]
tests/test_pipeline.py::TestDataExceptions::test_raw_data_not_found_is_raiseable PASSED [ 21%]
tests/test_pipeline.py::TestDataExceptions::test_data_loader_error_is_raiseable PASSED [ 22%]
tests/test_pipeline.py::TestDataExceptions::test_visualization_error_is_raiseable PASSED [ 24%]
tests/test_pipeline.py::TestDataExceptions::test_all_inherit_from_exception PASSED [ 25%]
tests/test_pipeline.py::TestDataExceptions::test_raw_data_exists_raises_on_missing_directory PASSED [ 26%]
tests/test_pipeline.py::TestDataExceptions::test_raw_data_exists_raises_when_file_absent PASSED [ 28%]
tests/test_pipeline.py::TestDataExceptions::test_raw_data_exists_returns_true_when_present PASSED [ 29%]
tests/test_pipeline.py::TestModelScaffold::test_model_is_subclass_of_base_model PASSED [ 30%]
tests/test_pipeline.py::TestModelScaffold::test_default_config_is_empty_dict PASSED [ 32%]
tests/test_pipeline.py::TestModelScaffold::test_custom_config_stored PASSED [ 33%]
tests/test_pipeline.py::TestModelScaffold::test_fit_raises_not_implemented PASSED [ 34%]
tests/test_pipeline.py::TestModelScaffold::test_predict_raises_not_implemented PASSED [ 36%]
tests/test_pipeline.py::TestModelScaffold::test_save_load_roundtrip PASSED [ 37%]
tests/test_pipeline.py::TestModelScaffold::test_load_rejects_wrong_type PASSED [ 38%]
tests/test_pipeline.py::TestFeatureEngineering::test_num_feat_is_non_empty_list PASSED [ 40%]
tests/test_pipeline.py::TestFeatureEngineering::test_num_feat_contains_log_amt PASSED [ 41%]
tests/test_pipeline.py::TestFeatureEngineering::test_num_feat_contains_cyclic_hour_features PASSED [ 42%]
tests/test_pipeline.py::TestFeatureEngineering::test_num_feat_contains_velocity_ratio PASSED [ 44%]
tests/test_pipeline.py::TestFeatureEngineering::test_feature_matrix_is_2d PASSED [ 45%]
tests/test_pipeline.py::TestFeatureEngineering::test_feature_matrix_has_no_nans PASSED [ 46%]
tests/test_pipeline.py::TestFeatureEngineering::test_feature_matrix_has_no_infs PASSED [ 48%]
tests/test_pipeline.py::TestFeatureEngineering::test_target_is_binary PASSED [ 49%]
tests/test_pipeline.py::TestFeatureEngineering::test_fraud_rate_is_realistic PASSED [ 50%]
tests/test_pipeline.py::TestModelFactories::test_get_lr_balanced_returns_logistic_regression PASSED [ 52%]
tests/test_pipeline.py::TestModelFactories::test_get_lr_balanced_uses_balanced_class_weight PASSED [ 53%]
tests/test_pipeline.py::TestModelFactories::test_get_lr_balanced_respects_seed_kwarg PASSED [ 54%]
tests/test_pipeline.py::TestModelFactories::test_get_lr_balanced_respects_max_iter_kwarg PASSED [ 56%]
tests/test_pipeline.py::TestModelFactories::test_get_lr_smote_returns_logistic_regression PASSED [ 57%]
tests/test_pipeline.py::TestModelFactories::test_get_rf_model_returns_random_forest PASSED [ 58%]
tests/test_pipeline.py::TestModelFactories::test_get_lgb_model_returns_lgbm_classifier PASSED [ 60%]
tests/test_pipeline.py::TestModelFactories::test_get_xgb_model_returns_xgb_classifier PASSED [ 61%]
tests/test_pipeline.py::TestModelTraining::test_lr_balanced_pipeline_fits PASSED [ 62%]
tests/test_pipeline.py::TestModelTraining::test_predict_shape_matches_test_set PASSED [ 64%]
tests/test_pipeline.py::TestModelTraining::test_predict_returns_only_binary_labels PASSED [ 65%]
tests/test_pipeline.py::TestModelTraining::test_predict_proba_rows_sum_to_one PASSED [ 66%]
tests/test_pipeline.py::TestModelTraining::test_joblib_roundtrip_predictions_identical PASSED [ 68%]
tests/test_pipeline.py::TestModelTraining::test_saved_model_file_exists PASSED [ 69%]
tests/test_pipeline.py::TestModelTraining::test_roc_auc_above_random_baseline PASSED [ 70%]
tests/test_pipeline.py::TestEvaluationMetrics::test_returns_dict PASSED  [ 72%]
tests/test_pipeline.py::TestEvaluationMetrics::test_has_test_acc_key PASSED [ 73%]
tests/test_pipeline.py::TestEvaluationMetrics::test_has_test_f1_key PASSED [ 74%]
tests/test_pipeline.py::TestEvaluationMetrics::test_test_acc_in_valid_range PASSED [ 76%]
tests/test_pipeline.py::TestEvaluationMetrics::test_test_f1_in_valid_range PASSED [ 77%]
tests/test_pipeline.py::TestEvaluationMetrics::test_with_overfitting_check_args PASSED [ 78%]
tests/test_pipeline.py::TestEvaluationMetrics::test_perfect_predictions_give_acc_one PASSED [ 80%]
tests/test_pipeline.py::TestUtilities::test_set_seed_runs_without_error PASSED [ 81%]
tests/test_pipeline.py::TestUtilities::test_set_seed_makes_numpy_deterministic PASSED [ 82%]
tests/test_pipeline.py::TestUtilities::test_save_load_json_roundtrip PASSED [ 84%]
tests/test_pipeline.py::TestUtilities::test_save_json_creates_parent_directories PASSED [ 85%]
tests/test_pipeline.py::TestUtilities::test_load_json_raises_on_missing_file PASSED [ 86%]
tests/test_pipeline.py::test_all_model_factories_fit_and_predict[lr_balanced] PASSED [ 88%]
tests/test_pipeline.py::test_all_model_factories_fit_and_predict[lr_smote] PASSED [ 89%]
tests/test_pipeline.py::test_all_model_factories_fit_and_predict[random_forest] PASSED [ 90%]
tests/test_pipeline.py::test_all_model_factories_fit_and_predict[lightgbm] PASSED [ 92%]
tests/test_pipeline.py::test_all_model_factories_fit_and_predict[xgboost] PASSED [ 93%]
tests/test_pipeline.py::test_all_model_factories_auc_above_random[lr_balanced] PASSED [ 94%]
tests/test_pipeline.py::test_all_model_factories_auc_above_random[lr_smote] PASSED [ 96%]
tests/test_pipeline.py::test_all_model_factories_auc_above_random[random_forest] PASSED [ 97%]
tests/test_pipeline.py::test_all_model_factories_auc_above_random[lightgbm] PASSED [ 98%]
tests/test_pipeline.py::test_all_model_factories_auc_above_random[xgboost] PASSED [100%]

=============================== warnings summary ===============================
tests/test_pipeline.py::TestModelTraining::test_lr_balanced_pipeline_fits
tests/test_pipeline.py::test_all_model_factories_fit_and_predict[lr_balanced]
tests/test_pipeline.py::test_all_model_factories_fit_and_predict[lr_smote]
tests/test_pipeline.py::test_all_model_factories_auc_above_random[lr_balanced]
tests/test_pipeline.py::test_all_model_factories_auc_above_random[lr_smote]
  /Library/Frameworks/Python.framework/Versions/3.12/lib/python3.12/site-packages/sklearn/linear_model/_logistic.py:1184: FutureWarning: 'n_jobs' has no effect since 1.8 and will be removed in 1.10. You provided 'n_jobs=-1', please leave it unspecified.
    warnings.warn(msg, category=FutureWarning)

tests/test_pipeline.py::test_all_model_factories_fit_and_predict[lightgbm]
tests/test_pipeline.py::test_all_model_factories_auc_above_random[lightgbm]
  /Library/Frameworks/Python.framework/Versions/3.12/lib/python3.12/site-packages/sklearn/utils/validation.py:2691: UserWarning: X does not have valid feature names, but LGBMClassifier was fitted with feature names
    warnings.warn(

-- Docs: https://docs.pytest.org/en/stable/how-to/capture-warnings.html
======================= 75 passed, 7 warnings in 11.12s ========================
